<?xml version="1.0" encoding="UTF-8"?>
<!-- Generated by org.testng.reporters.JUnitXMLReporter -->
<testsuite hostname="LT0088970" ignored="0" name="TestOne" tests="3" failures="1" timestamp="15 Jun 2018 18:01:55 GMT" time="0.041" errors="0">
  <testcase name="testMethodFail" time="0.01" classname="form16.TestClassOne">
    <failure type="java.lang.AssertionError" message="expected [true] but found [false]">
      <![CDATA[java.lang.AssertionError: expected [true] but found [false]
at form16.TestClassOne.testMethodFail(TestClassOne.java:19)
... Removed 29 stack frames]]>
    </failure>
  </testcase> <!-- testMethodFail -->
  <testcase name="testMethodPass" time="0.001" classname="form16.TestClassOne"/>
  <testcase name="testMethodSkip" time="0.001" classname="form16.TestClassOne">
    <skipped/>
  </testcase> <!-- testMethodSkip -->
</testsuite> <!-- TestOne -->
